<testsuites tests="6" failures="0" disabled="0" errors="0" timestamp="2016-02-06T05:41:17" name="Hello">
  <testsuite name="This is the HELLO SUITE" tests="2" failures="0" time="0.30">
    <testcase name="Hello test 1" status="run" time="0.10" classname="This is the HELLO SUITE" />
  	<testcase name="Hello test 2" status="run" time="0.20" classname="This is the HELLO SUITE" />
  </testsuite>
  <testsuite name="This is the HEY SUITE" tests="2" failures="0" time="0.70">
    <testcase name="Hey test 1" status="run" time="0.30" classname="This is the HEY SUITE" />
  	<testcase name="Hey test 2" status="run" time="0.40" classname="This is the HEY SUITE" />
  </testsuite>
  <testsuite name="This is the HI SUITE" tests="2" failures="0" time="0.110">
    <testcase name="Hi test 1" status="run" time="0.50" classname="This is the HI SUITE" />
  	<testcase name="Hi test 2" status="run" time="0.60" classname="This is the HI SUITE" />
  </testsuite>
</testsuites>